2025-06-18 11:37:31,238 - aiogram.dispatcher - INFO - Start polling
2025-06-18 11:37:31,501 - aiogram.dispatcher - INFO - Run polling for bot @ToolsQABot id=7765564183 - 'qa_tools_bot'
2025-06-18 11:37:54,212 - aiogram.event - INFO - Update id=977030874 is not handled. Duration 0 ms by bot id=7765564183
2025-06-18 11:38:00,842 - aiogram.event - INFO - Update id=977030875 is handled. Duration 344 ms by bot id=7765564183
2025-06-18 11:38:15,331 - aiogram.event - INFO - Update id=977030876 is not handled. Duration 0 ms by bot id=7765564183
2025-06-18 11:38:20,035 - aiogram.event - INFO - Update id=977030877 is not handled. Duration 0 ms by bot id=7765564183
2025-06-18 11:38:21,947 - aiogram.event - INFO - Update id=977030878 is not handled. Duration 0 ms by bot id=7765564183
2025-06-18 11:41:04,943 - aiogram.dispatcher - INFO - Polling stopped for bot @ToolsQABot id=7765564183 - 'qa_tools_bot'
2025-06-18 11:41:04,943 - aiogram.dispatcher - INFO - Polling stopped
2025-06-18 11:49:55,528 - root - ERROR - РћС€РёР±РєР°: 'Dispatcher' object has no attribute 'register_message_handler'
Traceback (most recent call last):
  File "c:\projects\Python\qa_helper_bot\main.py", line 49, in <module>
    asyncio.run(main())
  File "C:\Users\РљРёСЂРёР»Р»\AppData\Local\Programs\Python\Python310\lib\asyncio\runners.py", line 44, in run
    return loop.run_until_complete(main)
  File "C:\Users\РљРёСЂРёР»Р»\AppData\Local\Programs\Python\Python310\lib\asyncio\base_events.py", line 641, in run_until_complete
    return future.result()
  File "c:\projects\Python\qa_helper_bot\main.py", line 40, in main
    handlers.register_handlers(dp)
  File "c:\projects\Python\qa_helper_bot\handlers.py", line 8, in register_handlers
    dp.register_message_handler(generate_image_command, commands=['genimage'])
AttributeError: 'Dispatcher' object has no attribute 'register_message_handler'
2025-06-18 11:53:55,924 - aiogram.dispatcher - INFO - Start polling
2025-06-18 11:53:56,205 - aiogram.dispatcher - INFO - Run polling for bot @ToolsQABot id=7765564183 - 'qa_tools_bot'
2025-06-18 11:54:13,454 - aiogram.event - INFO - Update id=977030879 is handled. Duration 250 ms by bot id=7765564183
2025-06-18 11:54:20,425 - aiogram.event - INFO - Update id=977030880 is handled. Duration 109 ms by bot id=7765564183
2025-06-18 11:54:25,782 - aiogram.event - INFO - Update id=977030881 is handled. Duration 140 ms by bot id=7765564183
2025-06-18 11:54:27,173 - aiogram.event - INFO - Update id=977030882 is handled. Duration 109 ms by bot id=7765564183
2025-06-18 11:54:34,765 - root - ERROR - Error generating image: 'ImageDraw' object has no attribute 'textsize'
2025-06-18 11:54:34,863 - aiogram.event - INFO - Update id=977030883 is handled. Duration 139 ms by bot id=7765564183
2025-06-18 11:54:41,356 - aiogram.event - INFO - Update id=977030884 is handled. Duration 108 ms by bot id=7765564183
2025-06-18 11:54:51,985 - root - ERROR - Error in pairwise testing: Telegram server says Bad Request: invalid file HTTP URL specified: Disallowed character in URL host
Traceback (most recent call last):
  File "c:\projects\Python\qa_helper_bot\plugins\pairwise_tester.py", line 112, in process_pairwise_parameters
    await message.answer_document(
  File "C:\projects\Python\env\lib\site-packages\aiogram\methods\base.py", line 89, in emit
    return await bot(self)
  File "C:\projects\Python\env\lib\site-packages\aiogram\client\bot.py", line 374, in __call__
    return await self.session(self, method, timeout=request_timeout)
  File "C:\projects\Python\env\lib\site-packages\aiogram\client\session\base.py", line 194, in __call__
    return cast(TelegramType, await middleware(bot, method))
  File "C:\projects\Python\env\lib\site-packages\aiogram\client\session\aiohttp.py", line 161, in make_request
    response = self.check_response(method=method, status_code=resp.status, content=raw_result)
  File "C:\projects\Python\env\lib\site-packages\aiogram\client\session\base.py", line 111, in check_response
    raise TelegramBadRequest(method=method, message=description)
aiogram.exceptions.TelegramBadRequest: Telegram server says Bad Request: invalid file HTTP URL specified: Disallowed character in URL host
2025-06-18 11:54:52,176 - aiogram.event - INFO - Update id=977030885 is handled. Duration 452 ms by bot id=7765564183
2025-06-18 11:56:36,438 - aiogram.dispatcher - INFO - Polling stopped for bot @ToolsQABot id=7765564183 - 'qa_tools_bot'
2025-06-18 11:56:36,438 - aiogram.dispatcher - INFO - Polling stopped
2025-06-18 11:56:36,438 - root - INFO - Р‘РѕС‚ РѕСЃС‚Р°РЅРѕРІР»РµРЅ РїРѕР»СЊР·РѕРІР°С‚РµР»РµРј
2025-06-18 11:56:43,674 - aiogram.dispatcher - INFO - Start polling
2025-06-18 11:56:43,908 - aiogram.dispatcher - INFO - Run polling for bot @ToolsQABot id=7765564183 - 'qa_tools_bot'
2025-06-18 11:56:53,943 - aiogram.event - INFO - Update id=977030886 is handled. Duration 233 ms by bot id=7765564183
2025-06-18 11:56:56,205 - aiogram.event - INFO - Update id=977030887 is handled. Duration 94 ms by bot id=7765564183
2025-06-18 11:57:05,652 - root - ERROR - Error generating image: 'JPG'
2025-06-18 11:57:05,758 - aiogram.event - INFO - Update id=977030888 is handled. Duration 530 ms by bot id=7765564183
2025-06-18 11:57:49,405 - aiogram.dispatcher - INFO - Polling stopped for bot @ToolsQABot id=7765564183 - 'qa_tools_bot'
2025-06-18 11:57:49,405 - aiogram.dispatcher - INFO - Polling stopped
2025-06-18 11:57:49,405 - root - INFO - Р‘РѕС‚ РѕСЃС‚Р°РЅРѕРІР»РµРЅ РїРѕР»СЊР·РѕРІР°С‚РµР»РµРј
2025-06-18 12:03:12,314 - aiogram.dispatcher - INFO - Start polling
2025-06-18 12:03:12,579 - aiogram.dispatcher - INFO - Run polling for bot @ToolsQABot id=7765564183 - 'qa_tools_bot'
2025-06-18 12:03:22,319 - aiogram.event - INFO - Update id=977030889 is handled. Duration 328 ms by bot id=7765564183
2025-06-18 12:03:24,642 - aiogram.event - INFO - Update id=977030890 is handled. Duration 109 ms by bot id=7765564183
2025-06-18 12:03:32,684 - aiogram.event - INFO - Update id=977030891 is handled. Duration 171 ms by bot id=7765564183
2025-06-18 12:04:08,352 - aiogram.event - INFO - Update id=977030892 is not handled. Duration 0 ms by bot id=7765564183
2025-06-18 12:04:08,353 - aiogram.event - ERROR - Cause exception while process update id=977030892 by bot id=7765564183
AttributeError: 'ReplyKeyboardRemove' object has no attribute 'add'
Traceback (most recent call last):
  File "C:\projects\Python\env\lib\site-packages\aiogram\dispatcher\dispatcher.py", line 309, in _process_update
    response = await self.feed_update(bot, update, **kwargs)
  File "C:\projects\Python\env\lib\site-packages\aiogram\dispatcher\dispatcher.py", line 158, in feed_update
    response = await self.update.wrap_outer_middleware(
  File "C:\projects\Python\env\lib\site-packages\aiogram\dispatcher\middlewares\error.py", line 25, in __call__
    return await handler(event, data)
  File "C:\projects\Python\env\lib\site-packages\aiogram\dispatcher\middlewares\user_context.py", line 56, in __call__
    return await handler(event, data)
  File "C:\projects\Python\env\lib\site-packages\aiogram\fsm\middleware.py", line 42, in __call__
    return await handler(event, data)
  File "C:\projects\Python\env\lib\site-packages\aiogram\dispatcher\event\telegram.py", line 121, in trigger
    return await wrapped_inner(event, kwargs)
  File "C:\projects\Python\env\lib\site-packages\aiogram\dispatcher\event\handler.py", line 43, in call
    return await wrapped()
  File "C:\projects\Python\env\lib\site-packages\aiogram\dispatcher\dispatcher.py", line 276, in _listen_update
    return await self.propagate_event(update_type=update_type, event=event, **kwargs)
  File "C:\projects\Python\env\lib\site-packages\aiogram\dispatcher\router.py", line 146, in propagate_event
    return await observer.wrap_outer_middleware(_wrapped, event=event, data=kwargs)
  File "C:\projects\Python\env\lib\site-packages\aiogram\dispatcher\router.py", line 141, in _wrapped
    return await self._propagate_event(
  File "C:\projects\Python\env\lib\site-packages\aiogram\dispatcher\router.py", line 166, in _propagate_event
    response = await observer.trigger(event, **kwargs)
  File "C:\projects\Python\env\lib\site-packages\aiogram\dispatcher\event\telegram.py", line 121, in trigger
    return await wrapped_inner(event, kwargs)
  File "C:\projects\Python\env\lib\site-packages\aiogram\dispatcher\event\handler.py", line 43, in call
    return await wrapped()
  File "c:\projects\Python\qa_helper_bot\plugins\payment_generator.py", line 16, in generate_payment_command
    markup.add(KeyboardButton(text=system))
  File "C:\projects\Python\env\lib\site-packages\pydantic\main.py", line 991, in __getattr__
    raise AttributeError(f'{type(self).__name__!r} object has no attribute {item!r}')
AttributeError: 'ReplyKeyboardRemove' object has no attribute 'add'
2025-06-18 12:04:12,187 - aiogram.event - INFO - Update id=977030893 is handled. Duration 108 ms by bot id=7765564183
2025-06-18 12:05:45,124 - aiogram.dispatcher - INFO - Polling stopped
2025-06-18 12:05:45,141 - aiogram.dispatcher - INFO - Polling stopped for bot @ToolsQABot id=7765564183 - 'qa_tools_bot'
2025-06-18 12:05:45,400 - root - INFO - Р‘РѕС‚ РѕСЃС‚Р°РЅРѕРІР»РµРЅ РїРѕР»СЊР·РѕРІР°С‚РµР»РµРј
2025-06-18 12:05:54,632 - aiogram.dispatcher - INFO - Start polling
2025-06-18 12:05:54,892 - aiogram.dispatcher - INFO - Run polling for bot @ToolsQABot id=7765564183 - 'qa_tools_bot'
2025-06-18 12:06:04,285 - aiogram.event - INFO - Update id=977030894 is handled. Duration 250 ms by bot id=7765564183
2025-06-18 12:06:11,015 - aiogram.event - INFO - Update id=977030895 is handled. Duration 296 ms by bot id=7765564183
2025-06-18 12:06:24,285 - aiogram.event - INFO - Update id=977030896 is not handled. Duration 0 ms by bot id=7765564183
2025-06-18 12:07:03,641 - aiogram.event - INFO - Update id=977030897 is not handled. Duration 0 ms by bot id=7765564183
2025-06-18 12:07:29,322 - aiogram.event - INFO - Update id=977030898 is not handled. Duration 0 ms by bot id=7765564183
2025-06-18 12:07:34,672 - aiogram.event - INFO - Update id=977030899 is handled. Duration 109 ms by bot id=7765564183
2025-06-18 12:07:43,992 - aiogram.event - INFO - Update id=977030900 is handled. Duration 421 ms by bot id=7765564183
2025-06-18 12:08:00,209 - aiogram.event - INFO - Update id=977030901 is not handled. Duration 0 ms by bot id=7765564183
2025-06-18 12:09:03,627 - aiogram.dispatcher - ERROR - Failed to fetch updates - TelegramNetworkError: HTTP Client says - ClientOSError: [WinError 1236] РџРѕРґРєР»СЋС‡РµРЅРёРµ Рє СЃРµС‚Рё Р±С‹Р»Рѕ СЂР°Р·РѕСЂРІР°РЅРѕ Р»РѕРєР°Р»СЊРЅРѕР№ СЃРёСЃС‚РµРјРѕР№
2025-06-18 12:09:03,659 - aiogram.dispatcher - WARNING - Sleep for 1.000000 seconds and try again... (tryings = 0, bot id = 7765564183)
2025-06-18 12:09:14,945 - aiogram.dispatcher - INFO - Connection established (tryings = 1, bot id = 7765564183)
2025-06-18 13:35:33,252 - aiogram.dispatcher - INFO - Polling stopped
2025-06-18 13:35:33,811 - aiogram.dispatcher - INFO - Polling stopped for bot @ToolsQABot id=7765564183 - 'qa_tools_bot'
2025-06-18 13:35:34,344 - root - INFO - Р‘РѕС‚ РѕСЃС‚Р°РЅРѕРІР»РµРЅ РїРѕР»СЊР·РѕРІР°С‚РµР»РµРј
2025-06-18 13:41:06,276 - aiogram.dispatcher - INFO - Start polling
2025-06-18 13:41:06,512 - aiogram.dispatcher - INFO - Run polling for bot @ToolsQABot id=7765564183 - 'qa_tools_bot'
2025-06-18 13:41:19,160 - aiogram.event - INFO - Update id=977030902 is handled. Duration 234 ms by bot id=7765564183
2025-06-18 13:41:22,043 - aiogram.event - INFO - Update id=977030903 is handled. Duration 94 ms by bot id=7765564183
2025-06-18 13:41:24,803 - aiogram.event - INFO - Update id=977030904 is handled. Duration 93 ms by bot id=7765564183
2025-06-18 13:41:37,232 - aiogram.event - INFO - Update id=977030905 is handled. Duration 296 ms by bot id=7765564183
2025-06-18 13:41:54,497 - aiogram.event - INFO - Update id=977030906 is not handled. Duration 16 ms by bot id=7765564183
2025-06-18 13:43:03,839 - aiogram.dispatcher - INFO - Polling stopped for bot @ToolsQABot id=7765564183 - 'qa_tools_bot'
2025-06-18 13:43:03,839 - aiogram.dispatcher - INFO - Polling stopped
2025-06-18 13:43:04,084 - root - INFO - Р‘РѕС‚ РѕСЃС‚Р°РЅРѕРІР»РµРЅ РїРѕР»СЊР·РѕРІР°С‚РµР»РµРј
2025-06-18 13:43:18,954 - aiogram.dispatcher - INFO - Start polling
2025-06-18 13:43:19,216 - aiogram.dispatcher - INFO - Run polling for bot @ToolsQABot id=7765564183 - 'qa_tools_bot'
2025-06-18 13:43:28,243 - aiogram.event - INFO - Update id=977030907 is handled. Duration 233 ms by bot id=7765564183
2025-06-18 13:43:34,242 - aiogram.event - INFO - Update id=977030908 is handled. Duration 187 ms by bot id=7765564183
2025-06-18 13:43:44,244 - aiogram.event - INFO - Update id=977030909 is not handled. Duration 0 ms by bot id=7765564183
2025-06-18 13:51:05,598 - aiogram.dispatcher - INFO - Polling stopped for bot @ToolsQABot id=7765564183 - 'qa_tools_bot'
2025-06-18 13:51:05,598 - aiogram.dispatcher - INFO - Polling stopped
2025-06-18 13:51:05,861 - root - INFO - Р‘РѕС‚ РѕСЃС‚Р°РЅРѕРІР»РµРЅ РїРѕР»СЊР·РѕРІР°С‚РµР»РµРј
2025-06-18 19:37:43,874 - aiogram.dispatcher - INFO - Start polling
2025-06-18 19:37:44,197 - aiogram.dispatcher - INFO - Run polling for bot @ToolsQABot id=7765564183 - 'qa_tools_bot'
2025-06-18 19:38:03,834 - aiogram.event - INFO - Update id=977030910 is handled. Duration 250 ms by bot id=7765564183
2025-06-18 19:38:14,647 - aiogram.event - INFO - Update id=977030911 is handled. Duration 328 ms by bot id=7765564183
2025-06-18 19:38:19,085 - aiogram.event - INFO - Update id=977030912 is not handled. Duration 0 ms by bot id=7765564183
2025-06-18 19:39:12,295 - aiogram.dispatcher - INFO - Polling stopped for bot @ToolsQABot id=7765564183 - 'qa_tools_bot'
2025-06-18 19:39:12,295 - aiogram.dispatcher - INFO - Polling stopped
2025-06-18 19:39:12,550 - root - INFO - Р‘РѕС‚ РѕСЃС‚Р°РЅРѕРІР»РµРЅ РїРѕР»СЊР·РѕРІР°С‚РµР»РµРј
2025-06-21 22:28:58,813 - __main__ - INFO - === Инициализация бота ===
2025-06-21 22:28:58,813 - handlers - INFO - Регистрация обработчиков команд...
2025-06-21 22:28:58,822 - handlers - INFO - Все обработчики успешно зарегистрированы
2025-06-21 22:28:59,382 - __main__ - INFO - === Запуск бота ===
2025-06-21 22:28:59,383 - aiogram.dispatcher - INFO - Start polling
2025-06-21 22:28:59,385 - __main__ - INFO - HTTP-сервер запущен на порту 8000
2025-06-21 22:28:59,458 - aiogram.dispatcher - INFO - Run polling for bot @ToolsQABot id=7765564183 - 'qa_rob_bot_dev'
2025-06-21 22:29:29,688 - __main__ - INFO - Приложение остановлено пользователем
2025-06-21 22:29:29,688 - aiogram.dispatcher - INFO - Polling stopped
2025-06-21 22:29:29,938 - __main__ - INFO - Получен сигнал завершения работы
2025-06-21 22:29:29,938 - __main__ - INFO - Завершение работы бота...
2025-06-21 22:29:30,932 - __main__ - INFO - Бот остановлен
2025-06-21 22:29:30,933 - aiogram.dispatcher - INFO - Polling stopped for bot @ToolsQABot id=7765564183 - 'qa_rob_bot_dev'
2025-06-21 22:29:30,934 - __main__ - INFO - Event loop закрыт
2025-06-21 23:34:32,839 - __main__ - INFO - === Инициализация бота ===
2025-06-21 23:34:32,839 - handlers - INFO - Регистрация обработчиков команд...
2025-06-21 23:34:32,841 - handlers - INFO - Все обработчики успешно зарегистрированы
2025-06-21 23:34:33,294 - __main__ - INFO - === Запуск бота ===
2025-06-21 23:34:33,295 - aiogram.dispatcher - INFO - Start polling
2025-06-21 23:34:33,305 - __main__ - INFO - HTTP-сервер запущен на порту 8000
2025-06-21 23:34:33,376 - aiogram.dispatcher - INFO - Run polling for bot @ToolsQABot id=7765564183 - 'qa_rob_bot_dev'
2025-06-21 23:35:17,308 - aiogram.event - INFO - Update id=977031424 is handled. Duration 250 ms by bot id=7765564183
2025-06-21 23:37:55,909 - aiogram.event - INFO - Update id=977031425 is handled. Duration 531 ms by bot id=7765564183
2025-06-21 23:37:58,157 - aiogram.event - INFO - Update id=977031426 is handled. Duration 172 ms by bot id=7765564183
2025-06-21 23:42:40,373 - __main__ - INFO - Приложение остановлено пользователем
2025-06-21 23:42:40,373 - aiogram.dispatcher - INFO - Polling stopped
2025-06-21 23:42:40,625 - __main__ - INFO - Получен сигнал завершения работы
2025-06-21 23:42:40,625 - __main__ - INFO - Завершение работы бота...
2025-06-21 23:42:41,226 - __main__ - INFO - Бот остановлен
2025-06-21 23:42:41,227 - aiogram.dispatcher - INFO - Polling stopped for bot @ToolsQABot id=7765564183 - 'qa_rob_bot_dev'
2025-06-21 23:42:41,228 - __main__ - INFO - Event loop закрыт
2025-06-21 23:55:47,902 - __main__ - INFO - === Инициализация бота ===
2025-06-21 23:55:47,902 - handlers - INFO - Регистрация обработчиков команд...
2025-06-21 23:55:47,902 - handlers - INFO - Все обработчики успешно зарегистрированы
2025-06-21 23:55:48,432 - __main__ - INFO - === Запуск бота ===
2025-06-21 23:55:48,433 - aiogram.dispatcher - INFO - Start polling
2025-06-21 23:55:48,435 - __main__ - INFO - HTTP-сервер запущен на порту 8000
2025-06-21 23:55:48,511 - aiogram.dispatcher - INFO - Run polling for bot @ToolsQABot id=7765564183 - 'qa_rob_bot_dev'
2025-06-21 23:56:20,335 - aiogram.event - INFO - Update id=977031427 is handled. Duration 250 ms by bot id=7765564183
2025-06-21 23:56:26,684 - aiogram.event - INFO - Update id=977031428 is handled. Duration 92 ms by bot id=7765564183
2025-06-21 23:56:28,197 - aiogram.event - INFO - Update id=977031429 is handled. Duration 219 ms by bot id=7765564183
2025-06-21 23:56:38,957 - aiogram.event - INFO - Update id=977031430 is handled. Duration 0 ms by bot id=7765564183
2025-06-21 23:56:45,077 - aiogram.event - INFO - Update id=977031431 is handled. Duration 0 ms by bot id=7765564183
2025-06-21 23:57:20,635 - __main__ - INFO - Приложение остановлено пользователем
2025-06-21 23:57:20,635 - aiogram.dispatcher - INFO - Polling stopped
2025-06-21 23:57:20,886 - __main__ - INFO - Получен сигнал завершения работы
2025-06-21 23:57:20,886 - __main__ - INFO - Завершение работы бота...
2025-06-21 23:57:21,817 - __main__ - INFO - Бот остановлен
2025-06-21 23:57:21,818 - aiogram.dispatcher - INFO - Polling stopped for bot @ToolsQABot id=7765564183 - 'qa_rob_bot_dev'
2025-06-21 23:57:21,828 - __main__ - INFO - Event loop закрыт
2025-06-21 23:57:42,019 - __main__ - INFO - === Инициализация бота ===
2025-06-21 23:57:42,019 - handlers - INFO - Регистрация обработчиков команд...
2025-06-21 23:57:42,019 - handlers - INFO - Все обработчики успешно зарегистрированы
2025-06-21 23:57:42,411 - __main__ - INFO - === Запуск бота ===
2025-06-21 23:57:42,412 - aiogram.dispatcher - INFO - Start polling
2025-06-21 23:57:42,415 - __main__ - INFO - HTTP-сервер запущен на порту 8000
2025-06-21 23:57:42,492 - aiogram.dispatcher - INFO - Run polling for bot @ToolsQABot id=7765564183 - 'qa_rob_bot_dev'
2025-06-22 00:03:01,637 - __main__ - INFO - Приложение остановлено пользователем
2025-06-22 00:03:01,645 - aiogram.dispatcher - INFO - Polling stopped
2025-06-22 00:03:01,897 - __main__ - INFO - Получен сигнал завершения работы
2025-06-22 00:03:01,898 - __main__ - INFO - Завершение работы бота...
2025-06-22 00:03:02,524 - __main__ - INFO - Бот остановлен
2025-06-22 00:03:02,526 - aiogram.dispatcher - INFO - Polling stopped for bot @ToolsQABot id=7765564183 - 'qa_rob_bot_dev'
2025-06-22 00:03:02,528 - __main__ - INFO - Event loop закрыт
2025-06-22 00:04:25,288 - __main__ - INFO - === Инициализация бота ===
2025-06-22 00:04:25,288 - handlers - INFO - Регистрация обработчиков команд...
2025-06-22 00:04:25,288 - handlers - INFO - Все обработчики успешно зарегистрированы
2025-06-22 00:04:25,686 - __main__ - INFO - === Запуск бота ===
2025-06-22 00:04:25,687 - aiogram.dispatcher - INFO - Start polling
2025-06-22 00:04:25,691 - __main__ - INFO - HTTP-сервер запущен на порту 8000
2025-06-22 00:04:25,758 - aiogram.dispatcher - INFO - Run polling for bot @ToolsQABot id=7765564183 - 'qa_rob_bot_dev'
2025-06-22 00:05:19,151 - aiogram.event - INFO - Update id=977031432 is handled. Duration 234 ms by bot id=7765564183
2025-06-22 00:05:20,366 - aiogram.event - INFO - Update id=977031433 is handled. Duration 125 ms by bot id=7765564183
2025-06-22 00:05:23,323 - aiogram.event - INFO - Update id=977031434 is handled. Duration 250 ms by bot id=7765564183
2025-06-22 00:05:26,587 - aiogram.event - INFO - Update id=977031435 is handled. Duration 0 ms by bot id=7765564183
2025-06-22 00:05:30,633 - aiogram.event - INFO - Update id=977031436 is handled. Duration 171 ms by bot id=7765564183
2025-06-22 00:05:37,398 - aiogram.event - INFO - Update id=977031437 is handled. Duration 140 ms by bot id=7765564183
2025-06-22 00:05:38,505 - aiogram.event - INFO - Update id=977031438 is handled. Duration 266 ms by bot id=7765564183
2025-06-22 00:05:39,317 - aiogram.event - INFO - Update id=977031439 is handled. Duration 0 ms by bot id=7765564183
2025-06-22 00:11:32,488 - __main__ - INFO - Приложение остановлено пользователем
2025-06-22 00:11:32,488 - aiogram.dispatcher - INFO - Polling stopped
2025-06-22 00:11:32,758 - __main__ - INFO - Получен сигнал завершения работы
2025-06-22 00:11:32,758 - __main__ - INFO - Завершение работы бота...
2025-06-22 00:11:33,256 - __main__ - INFO - Бот остановлен
2025-06-22 00:11:33,256 - aiogram.dispatcher - INFO - Polling stopped for bot @ToolsQABot id=7765564183 - 'qa_rob_bot_dev'
2025-06-22 00:11:33,258 - __main__ - INFO - Event loop закрыт
2025-06-22 00:11:46,709 - __main__ - INFO - === Инициализация бота ===
2025-06-22 00:11:46,709 - handlers - INFO - Регистрация обработчиков команд...
2025-06-22 00:11:46,709 - handlers - INFO - Все обработчики успешно зарегистрированы
2025-06-22 00:11:47,676 - __main__ - INFO - === Запуск бота ===
2025-06-22 00:11:47,677 - aiogram.dispatcher - INFO - Start polling
2025-06-22 00:11:47,682 - __main__ - INFO - HTTP-сервер запущен на порту 8000
2025-06-22 00:11:47,757 - aiogram.dispatcher - INFO - Run polling for bot @ToolsQABot id=7765564183 - 'qa_rob_bot_dev'
2025-06-22 00:11:54,941 - aiogram.event - INFO - Update id=977031440 is handled. Duration 266 ms by bot id=7765564183
2025-06-22 00:11:56,800 - aiogram.event - INFO - Update id=977031441 is handled. Duration 140 ms by bot id=7765564183
2025-06-22 00:11:58,967 - aiogram.event - INFO - Update id=977031442 is handled. Duration 344 ms by bot id=7765564183
2025-06-22 00:11:59,869 - aiogram.event - INFO - Update id=977031443 is handled. Duration 0 ms by bot id=7765564183
2025-06-22 00:12:07,811 - aiogram.event - INFO - Update id=977031444 is handled. Duration 92 ms by bot id=7765564183
2025-06-22 00:12:39,773 - aiogram.event - INFO - Update id=977031445 is handled. Duration 250 ms by bot id=7765564183
2025-06-22 00:12:50,238 - aiogram.event - INFO - Update id=977031446 is handled. Duration 125 ms by bot id=7765564183
2025-06-22 00:12:52,018 - aiogram.event - INFO - Update id=977031447 is handled. Duration 359 ms by bot id=7765564183
2025-06-22 00:12:54,139 - aiogram.event - INFO - Update id=977031448 is handled. Duration 0 ms by bot id=7765564183
2025-06-22 00:12:58,031 - aiogram.event - INFO - Update id=977031449 is handled. Duration 0 ms by bot id=7765564183
2025-06-22 00:13:00,322 - aiogram.event - INFO - Update id=977031450 is handled. Duration 0 ms by bot id=7765564183
2025-06-22 00:13:09,644 - __main__ - INFO - Приложение остановлено пользователем
2025-06-22 00:13:09,644 - aiogram.dispatcher - INFO - Polling stopped
2025-06-22 00:13:09,902 - __main__ - INFO - Получен сигнал завершения работы
2025-06-22 00:13:09,902 - __main__ - INFO - Завершение работы бота...
2025-06-22 00:13:10,394 - aiogram.dispatcher - ERROR - Failed to fetch updates - TelegramNetworkError: HTTP Client says - ClientOSError: [Errno 1] [SSL: APPLICATION_DATA_AFTER_CLOSE_NOTIFY] application data after close notify (_ssl.c:2660)
2025-06-22 00:13:10,395 - aiogram.dispatcher - WARNING - Sleep for 1.000000 seconds and try again... (tryings = 0, bot id = 7765564183)
2025-06-22 00:13:10,512 - __main__ - INFO - Бот остановлен
2025-06-22 00:13:10,517 - aiogram.dispatcher - INFO - Polling stopped for bot @ToolsQABot id=7765564183 - 'qa_rob_bot_dev'
2025-06-22 00:13:10,520 - __main__ - INFO - Event loop закрыт
2025-06-22 00:40:26,885 - __main__ - INFO - === Инициализация бота ===
2025-06-22 00:40:26,885 - handlers - INFO - Регистрация обработчиков команд...
2025-06-22 00:40:26,885 - handlers - INFO - Все обработчики успешно зарегистрированы
2025-06-22 00:40:27,287 - __main__ - INFO - === Запуск бота ===
2025-06-22 00:40:27,288 - aiogram.dispatcher - INFO - Start polling
2025-06-22 00:40:27,290 - __main__ - INFO - HTTP-сервер запущен на порту 8000
2025-06-22 00:40:27,370 - aiogram.dispatcher - INFO - Run polling for bot @ToolsQABot id=7765564183 - 'qa_rob_bot_dev'
2025-06-22 00:40:47,211 - aiogram.event - INFO - Update id=977031451 is handled. Duration 297 ms by bot id=7765564183
2025-06-22 00:40:48,632 - aiogram.event - INFO - Update id=977031452 is handled. Duration 125 ms by bot id=7765564183
2025-06-22 00:40:49,708 - aiogram.event - INFO - Update id=977031453 is handled. Duration 203 ms by bot id=7765564183
2025-06-22 00:40:50,582 - aiogram.event - INFO - Update id=977031454 is handled. Duration 0 ms by bot id=7765564183
2025-06-22 00:40:54,502 - aiogram.event - INFO - Update id=977031455 is handled. Duration 93 ms by bot id=7765564183
2025-06-22 00:41:03,634 - aiogram.event - INFO - Update id=977031456 is handled. Duration 109 ms by bot id=7765564183
2025-06-22 00:41:05,095 - aiogram.event - INFO - Update id=977031457 is handled. Duration 235 ms by bot id=7765564183
2025-06-22 00:41:06,820 - aiogram.event - INFO - Update id=977031458 is handled. Duration 0 ms by bot id=7765564183
2025-06-22 00:49:31,400 - __main__ - INFO - Приложение остановлено пользователем
2025-06-22 00:49:31,408 - aiogram.dispatcher - INFO - Polling stopped
2025-06-22 00:49:31,741 - __main__ - INFO - Получен сигнал завершения работы
2025-06-22 00:49:31,745 - __main__ - INFO - Завершение работы бота...
2025-06-22 00:49:32,259 - __main__ - INFO - Бот остановлен
2025-06-22 00:49:32,262 - aiogram.dispatcher - INFO - Polling stopped for bot @ToolsQABot id=7765564183 - 'qa_rob_bot_dev'
2025-06-22 00:49:32,268 - __main__ - INFO - Event loop закрыт
2025-06-22 00:49:43,888 - __main__ - INFO - === Инициализация бота ===
2025-06-22 00:49:43,888 - handlers - INFO - Регистрация обработчиков команд...
2025-06-22 00:49:43,888 - handlers - INFO - Все обработчики успешно зарегистрированы
2025-06-22 00:49:44,446 - __main__ - INFO - === Запуск бота ===
2025-06-22 00:49:44,446 - aiogram.dispatcher - INFO - Start polling
2025-06-22 00:49:44,448 - __main__ - INFO - HTTP-сервер запущен на порту 8000
2025-06-22 00:49:44,523 - aiogram.dispatcher - INFO - Run polling for bot @ToolsQABot id=7765564183 - 'qa_rob_bot_dev'
2025-06-22 00:49:55,910 - aiogram.event - INFO - Update id=977031459 is handled. Duration 250 ms by bot id=7765564183
2025-06-22 00:49:57,261 - aiogram.event - INFO - Update id=977031460 is handled. Duration 157 ms by bot id=7765564183
2025-06-22 00:49:59,003 - aiogram.event - INFO - Update id=977031461 is handled. Duration 157 ms by bot id=7765564183
2025-06-22 00:50:00,380 - aiogram.event - INFO - Update id=977031462 is handled. Duration 109 ms by bot id=7765564183
2025-06-22 00:50:01,462 - aiogram.event - INFO - Update id=977031463 is handled. Duration 219 ms by bot id=7765564183
2025-06-22 00:50:02,564 - aiogram.event - INFO - Update id=977031464 is handled. Duration 328 ms by bot id=7765564183
2025-06-22 00:50:05,567 - aiogram.event - INFO - Update id=977031465 is handled. Duration 608 ms by bot id=7765564183
2025-06-22 00:50:11,615 - aiogram.event - INFO - Update id=977031466 is handled. Duration 218 ms by bot id=7765564183
2025-06-22 00:50:13,215 - aiogram.event - INFO - Update id=977031467 is handled. Duration 187 ms by bot id=7765564183
2025-06-22 00:50:14,708 - aiogram.event - INFO - Update id=977031468 is handled. Duration 219 ms by bot id=7765564183
2025-06-22 00:50:20,091 - aiogram.event - INFO - Update id=977031469 is handled. Duration 203 ms by bot id=7765564183
2025-06-22 00:52:21,303 - __main__ - INFO - Приложение остановлено пользователем
2025-06-22 00:52:21,303 - aiogram.dispatcher - INFO - Polling stopped
2025-06-22 00:52:21,579 - __main__ - INFO - Получен сигнал завершения работы
2025-06-22 00:52:21,579 - __main__ - INFO - Завершение работы бота...
2025-06-22 00:52:22,080 - __main__ - INFO - Бот остановлен
2025-06-22 00:52:22,081 - aiogram.dispatcher - INFO - Polling stopped for bot @ToolsQABot id=7765564183 - 'qa_rob_bot_dev'
2025-06-22 00:52:22,082 - __main__ - INFO - Event loop закрыт
2025-06-22 00:52:41,109 - __main__ - INFO - === Инициализация бота ===
2025-06-22 00:52:41,109 - handlers - INFO - Регистрация обработчиков команд...
2025-06-22 00:52:41,109 - handlers - INFO - Все обработчики успешно зарегистрированы
2025-06-22 00:52:41,577 - __main__ - INFO - === Запуск бота ===
2025-06-22 00:52:41,578 - aiogram.dispatcher - INFO - Start polling
2025-06-22 00:52:41,581 - __main__ - INFO - HTTP-сервер запущен на порту 8000
2025-06-22 00:52:41,651 - aiogram.dispatcher - INFO - Run polling for bot @ToolsQABot id=7765564183 - 'qa_rob_bot_dev'
2025-06-22 00:52:51,681 - aiogram.event - INFO - Update id=977031470 is handled. Duration 358 ms by bot id=7765564183
2025-06-22 00:52:57,608 - aiogram.event - INFO - Update id=977031471 is handled. Duration 125 ms by bot id=7765564183
2025-06-22 00:52:59,310 - aiogram.event - INFO - Update id=977031472 is handled. Duration 733 ms by bot id=7765564183
2025-06-22 00:53:02,328 - aiogram.event - INFO - Update id=977031473 is handled. Duration 108 ms by bot id=7765564183
2025-06-22 00:53:03,705 - aiogram.event - INFO - Update id=977031474 is handled. Duration 187 ms by bot id=7765564183
2025-06-22 00:53:06,708 - aiogram.event - INFO - Update id=977031475 is handled. Duration 125 ms by bot id=7765564183
2025-06-22 00:53:07,927 - aiogram.event - INFO - Update id=977031476 is handled. Duration 217 ms by bot id=7765564183
2025-06-22 00:53:09,712 - aiogram.event - INFO - Update id=977031477 is handled. Duration 125 ms by bot id=7765564183
2025-06-22 00:53:11,753 - aiogram.event - INFO - Update id=977031478 is handled. Duration 187 ms by bot id=7765564183
2025-06-22 00:53:13,318 - aiogram.event - INFO - Update id=977031479 is handled. Duration 125 ms by bot id=7765564183
2025-06-22 00:53:15,047 - aiogram.event - INFO - Update id=977031480 is handled. Duration 187 ms by bot id=7765564183
2025-06-22 00:53:16,166 - aiogram.event - INFO - Update id=977031481 is handled. Duration 93 ms by bot id=7765564183
2025-06-22 00:53:17,510 - aiogram.event - INFO - Update id=977031482 is handled. Duration 94 ms by bot id=7765564183
2025-06-22 00:53:20,320 - aiogram.event - INFO - Update id=977031483 is handled. Duration 203 ms by bot id=7765564183
2025-06-22 00:53:23,123 - aiogram.event - INFO - Update id=977031484 is handled. Duration 93 ms by bot id=7765564183
2025-06-22 00:53:25,545 - aiogram.event - INFO - Update id=977031485 is handled. Duration 93 ms by bot id=7765564183
2025-06-22 00:53:27,751 - aiogram.event - INFO - Update id=977031486 is handled. Duration 93 ms by bot id=7765564183
2025-06-22 00:53:29,155 - aiogram.event - INFO - Update id=977031487 is handled. Duration 140 ms by bot id=7765564183
2025-06-22 00:53:30,650 - aiogram.event - INFO - Update id=977031488 is handled. Duration 359 ms by bot id=7765564183
2025-06-22 00:53:32,454 - aiogram.event - INFO - Update id=977031489 is handled. Duration 141 ms by bot id=7765564183
2025-06-22 00:53:33,643 - aiogram.event - INFO - Update id=977031490 is handled. Duration 109 ms by bot id=7765564183
2025-06-22 00:53:35,229 - aiogram.event - INFO - Update id=977031491 is handled. Duration 139 ms by bot id=7765564183
2025-06-22 00:53:36,139 - aiogram.event - INFO - Update id=977031492 is handled. Duration 94 ms by bot id=7765564183
2025-06-22 00:53:37,948 - aiogram.event - INFO - Update id=977031493 is handled. Duration 141 ms by bot id=7765564183
2025-06-22 00:53:39,000 - aiogram.event - INFO - Update id=977031494 is handled. Duration 93 ms by bot id=7765564183
2025-06-22 00:55:46,119 - aiogram.event - INFO - Update id=977031495 is handled. Duration 218 ms by bot id=7765564183
2025-06-22 00:56:46,536 - __main__ - INFO - Приложение остановлено пользователем
2025-06-22 00:56:46,536 - aiogram.dispatcher - INFO - Polling stopped
2025-06-22 00:56:46,798 - __main__ - INFO - Получен сигнал завершения работы
2025-06-22 00:56:46,798 - __main__ - INFO - Завершение работы бота...
2025-06-22 00:56:47,316 - __main__ - INFO - Бот остановлен
2025-06-22 00:56:47,317 - aiogram.dispatcher - INFO - Polling stopped for bot @ToolsQABot id=7765564183 - 'qa_rob_bot_dev'
2025-06-22 00:56:47,319 - __main__ - INFO - Event loop закрыт
2025-06-22 00:57:02,471 - __main__ - INFO - === Инициализация бота ===
2025-06-22 00:57:02,472 - handlers - INFO - Регистрация обработчиков команд...
2025-06-22 00:57:02,474 - handlers - INFO - Все обработчики успешно зарегистрированы
2025-06-22 00:57:02,935 - __main__ - INFO - === Запуск бота ===
2025-06-22 00:57:02,936 - aiogram.dispatcher - INFO - Start polling
2025-06-22 00:57:02,939 - __main__ - INFO - HTTP-сервер запущен на порту 8000
2025-06-22 00:57:03,012 - aiogram.dispatcher - INFO - Run polling for bot @ToolsQABot id=7765564183 - 'qa_rob_bot_dev'
2025-06-22 00:57:07,537 - aiogram.event - INFO - Update id=977031496 is handled. Duration 312 ms by bot id=7765564183
2025-06-22 00:57:09,637 - aiogram.event - INFO - Update id=977031497 is handled. Duration 171 ms by bot id=7765564183
2025-06-22 00:57:12,216 - aiogram.event - INFO - Update id=977031498 is handled. Duration 312 ms by bot id=7765564183
2025-06-22 00:57:13,356 - aiogram.event - INFO - Update id=977031499 is handled. Duration 155 ms by bot id=7765564183
2025-06-22 00:57:43,491 - __main__ - INFO - Приложение остановлено пользователем
2025-06-22 00:57:43,491 - aiogram.dispatcher - INFO - Polling stopped
2025-06-22 00:57:43,760 - __main__ - INFO - Получен сигнал завершения работы
2025-06-22 00:57:43,762 - __main__ - INFO - Завершение работы бота...
2025-06-22 00:57:44,290 - __main__ - INFO - Бот остановлен
2025-06-22 00:57:44,292 - aiogram.dispatcher - INFO - Polling stopped for bot @ToolsQABot id=7765564183 - 'qa_rob_bot_dev'
2025-06-22 00:57:44,293 - __main__ - INFO - Event loop закрыт
2025-06-22 00:57:52,304 - __main__ - INFO - === Инициализация бота ===
2025-06-22 00:57:52,304 - handlers - INFO - Регистрация обработчиков команд...
2025-06-22 00:57:52,304 - handlers - INFO - Все обработчики успешно зарегистрированы
2025-06-22 00:57:52,814 - __main__ - INFO - === Запуск бота ===
2025-06-22 00:57:52,816 - aiogram.dispatcher - INFO - Start polling
2025-06-22 00:57:52,822 - __main__ - INFO - HTTP-сервер запущен на порту 8000
2025-06-22 00:57:52,923 - aiogram.dispatcher - INFO - Run polling for bot @ToolsQABot id=7765564183 - 'qa_rob_bot_dev'
2025-06-22 00:58:04,106 - aiogram.event - INFO - Update id=977031500 is handled. Duration 264 ms by bot id=7765564183
2025-06-22 00:58:15,958 - aiogram.event - INFO - Update id=977031501 is handled. Duration 110 ms by bot id=7765564183
2025-06-22 00:58:27,695 - aiogram.event - INFO - Update id=977031502 is handled. Duration 141 ms by bot id=7765564183
2025-06-22 00:58:29,051 - aiogram.event - INFO - Update id=977031503 is handled. Duration 233 ms by bot id=7765564183
2025-06-22 00:58:30,788 - aiogram.event - INFO - Update id=977031504 is handled. Duration 93 ms by bot id=7765564183
2025-06-22 00:58:32,445 - aiogram.event - INFO - Update id=977031505 is handled. Duration 203 ms by bot id=7765564183
2025-06-22 00:58:33,444 - aiogram.event - INFO - Update id=977031506 is handled. Duration 125 ms by bot id=7765564183
2025-06-22 00:59:03,576 - __main__ - INFO - Приложение остановлено пользователем
2025-06-22 00:59:03,576 - aiogram.dispatcher - INFO - Polling stopped
2025-06-22 00:59:03,832 - __main__ - INFO - Получен сигнал завершения работы
2025-06-22 00:59:03,832 - __main__ - INFO - Завершение работы бота...
2025-06-22 00:59:04,478 - __main__ - INFO - Бот остановлен
2025-06-22 00:59:04,479 - aiogram.dispatcher - INFO - Polling stopped for bot @ToolsQABot id=7765564183 - 'qa_rob_bot_dev'
2025-06-22 00:59:04,480 - __main__ - INFO - Event loop закрыт
